2024-04-16 07:06:16,353 - INFO - ('Current icons color ', None, 'New icons color', '#fd5028')
2024-04-16 07:06:16,354 - INFO - Generating icons for your theme, please wait. This may take long
2024-04-16 07:06:16,591 - INFO - ('DONE: Current icons color ', '#fd5028')
2024-04-17 04:07:50,318 - INFO - Checking icons for Default-theme theme. Icons color: #fd5028
2024-04-17 04:07:50,812 - INFO - Checking icons for Default-theme theme. Icons color: #fd5028
2024-04-17 04:07:51,084 - INFO - Checking icons for qt designer app.
2024-04-17 04:07:51,296 - INFO - all icons have been checked and missing icons generated!
2024-04-17 04:08:32,276 - INFO - Checking icons for Default-theme theme. Icons color: #fd5028
2024-04-17 04:08:32,524 - INFO - Checking icons for Default-theme theme. Icons color: #fd5028
2024-04-17 04:08:32,766 - INFO - Checking icons for qt designer app.
2024-04-17 04:08:32,993 - INFO - all icons have been checked and missing icons generated!
2024-04-17 04:09:44,234 - INFO - Checking icons for Default-theme theme. Icons color: #fd5028
2024-04-17 04:09:44,466 - INFO - Checking icons for Default-theme theme. Icons color: #fd5028
2024-04-17 04:09:44,681 - INFO - Checking icons for qt designer app.
2024-04-17 04:09:44,904 - INFO - all icons have been checked and missing icons generated!
2024-04-17 04:10:08,443 - INFO - Checking icons for Default-theme theme. Icons color: #fd5028
2024-04-17 04:10:08,677 - INFO - Checking icons for Default-theme theme. Icons color: #fd5028
2024-04-17 04:10:08,905 - INFO - Checking icons for qt designer app.
2024-04-17 04:10:09,129 - INFO - all icons have been checked and missing icons generated!
2024-04-17 04:12:28,653 - INFO - Checking icons for Default-theme theme. Icons color: #fd5028
2024-04-17 04:12:28,898 - INFO - Checking icons for Default-theme theme. Icons color: #fd5028
2024-04-17 04:12:29,123 - INFO - Checking icons for qt designer app.
2024-04-17 04:12:29,353 - INFO - all icons have been checked and missing icons generated!
2024-04-17 04:14:59,478 - INFO - Checking icons for Default-theme theme. Icons color: #fd5028
2024-04-17 04:14:59,717 - INFO - Checking icons for Default-theme theme. Icons color: #fd5028
2024-04-17 04:14:59,941 - INFO - Checking icons for qt designer app.
2024-04-17 04:15:00,169 - INFO - all icons have been checked and missing icons generated!
2024-04-17 04:15:05,222 - INFO - Checking icons for Default-theme theme. Icons color: #fd5028
2024-04-17 04:15:05,458 - INFO - Checking icons for Default-theme theme. Icons color: #fd5028
2024-04-17 04:15:05,689 - INFO - Checking icons for qt designer app.
2024-04-17 04:15:05,927 - INFO - all icons have been checked and missing icons generated!
2024-04-17 04:16:23,172 - INFO - Checking icons for Default-theme theme. Icons color: #fd5028
2024-04-17 04:16:23,411 - INFO - Checking icons for Default-theme theme. Icons color: #fd5028
2024-04-17 04:16:23,640 - INFO - Checking icons for qt designer app.
2024-04-17 04:16:23,871 - INFO - all icons have been checked and missing icons generated!
2024-04-17 04:17:06,925 - INFO - Checking icons for Default-theme theme. Icons color: #fd5028
2024-04-17 04:17:07,160 - INFO - Checking icons for Default-theme theme. Icons color: #fd5028
2024-04-17 04:17:07,390 - INFO - Checking icons for qt designer app.
2024-04-17 04:17:07,618 - INFO - all icons have been checked and missing icons generated!
2024-04-17 04:17:41,116 - INFO - Checking icons for Default-theme theme. Icons color: #fd5028
2024-04-17 04:17:41,352 - INFO - Checking icons for Default-theme theme. Icons color: #fd5028
2024-04-17 04:17:41,580 - INFO - Checking icons for qt designer app.
2024-04-17 04:17:41,810 - INFO - all icons have been checked and missing icons generated!
2024-04-17 04:27:37,044 - INFO - Checking icons for Default-theme theme. Icons color: #fd5028
2024-04-17 04:27:37,249 - INFO - Checking icons for Default-theme theme. Icons color: #fd5028
2024-04-17 04:27:37,440 - INFO - Checking icons for qt designer app.
2024-04-17 04:27:37,638 - INFO - all icons have been checked and missing icons generated!
2024-04-17 04:28:32,928 - INFO - Checking icons for Default-theme theme. Icons color: #fd5028
2024-04-17 04:28:33,128 - INFO - Checking icons for Default-theme theme. Icons color: #fd5028
2024-04-17 04:28:33,330 - INFO - Checking icons for qt designer app.
2024-04-17 04:28:33,555 - INFO - all icons have been checked and missing icons generated!
2024-04-17 04:29:14,971 - INFO - Checking icons for Default-theme theme. Icons color: #fd5028
2024-04-17 04:29:15,202 - INFO - Checking icons for Default-theme theme. Icons color: #fd5028
2024-04-17 04:29:15,438 - INFO - Checking icons for qt designer app.
2024-04-17 04:29:15,675 - INFO - all icons have been checked and missing icons generated!
2024-04-17 04:29:27,405 - INFO - Checking icons for Default-theme theme. Icons color: #fd5028
2024-04-17 04:29:27,622 - INFO - Checking icons for Default-theme theme. Icons color: #fd5028
2024-04-17 04:29:27,820 - INFO - Checking icons for qt designer app.
2024-04-17 04:29:28,048 - INFO - all icons have been checked and missing icons generated!
2024-04-17 04:30:02,439 - INFO - Checking icons for Default-theme theme. Icons color: #fd5028
2024-04-17 04:30:02,633 - INFO - Checking icons for Default-theme theme. Icons color: #fd5028
2024-04-17 04:30:02,827 - INFO - Checking icons for qt designer app.
2024-04-17 04:30:03,021 - INFO - all icons have been checked and missing icons generated!
2024-04-17 04:30:10,680 - INFO - Checking icons for Default-theme theme. Icons color: #fd5028
2024-04-17 04:30:10,873 - INFO - Checking icons for Default-theme theme. Icons color: #fd5028
2024-04-17 04:30:11,067 - INFO - Checking icons for qt designer app.
2024-04-17 04:30:11,258 - INFO - all icons have been checked and missing icons generated!
2024-04-17 04:30:39,097 - INFO - Checking icons for Default-theme theme. Icons color: #fd5028
2024-04-17 04:30:39,292 - INFO - Checking icons for Default-theme theme. Icons color: #fd5028
2024-04-17 04:30:39,486 - INFO - Checking icons for qt designer app.
2024-04-17 04:30:39,721 - INFO - all icons have been checked and missing icons generated!
2024-04-17 04:30:46,550 - INFO - Checking icons for Default-theme theme. Icons color: #fd5028
2024-04-17 04:30:46,743 - INFO - Checking icons for Default-theme theme. Icons color: #fd5028
2024-04-17 04:30:46,936 - INFO - Checking icons for qt designer app.
2024-04-17 04:30:47,130 - INFO - all icons have been checked and missing icons generated!
2024-04-17 04:30:58,716 - INFO - Checking icons for Default-theme theme. Icons color: #fd5028
2024-04-17 04:30:58,910 - INFO - Checking icons for Default-theme theme. Icons color: #fd5028
2024-04-17 04:30:59,105 - INFO - Checking icons for qt designer app.
2024-04-17 04:30:59,315 - INFO - all icons have been checked and missing icons generated!
2024-04-17 04:31:06,420 - INFO - Checking icons for Default-theme theme. Icons color: #fd5028
2024-04-17 04:31:06,624 - INFO - Checking icons for Default-theme theme. Icons color: #fd5028
2024-04-17 04:31:06,850 - INFO - Checking icons for qt designer app.
2024-04-17 04:31:07,076 - INFO - all icons have been checked and missing icons generated!
2024-04-17 04:31:19,889 - INFO - Checking icons for Default-theme theme. Icons color: #fd5028
2024-04-17 04:31:20,087 - INFO - Checking icons for Default-theme theme. Icons color: #fd5028
2024-04-17 04:31:20,275 - INFO - Checking icons for qt designer app.
2024-04-17 04:31:20,578 - INFO - all icons have been checked and missing icons generated!
2024-04-17 04:31:42,772 - INFO - Checking icons for Default-theme theme. Icons color: #fd5028
2024-04-17 04:31:42,992 - INFO - Checking icons for Default-theme theme. Icons color: #fd5028
2024-04-17 04:31:43,211 - INFO - Checking icons for qt designer app.
2024-04-17 04:31:43,450 - INFO - all icons have been checked and missing icons generated!
2024-04-17 04:32:21,384 - INFO - Checking icons for Default-theme theme. Icons color: #fd5028
2024-04-17 04:32:21,581 - INFO - Checking icons for Default-theme theme. Icons color: #fd5028
2024-04-17 04:32:21,782 - INFO - Checking icons for qt designer app.
2024-04-17 04:32:22,015 - INFO - all icons have been checked and missing icons generated!
2024-04-17 04:32:58,079 - INFO - Checking icons for Default-theme theme. Icons color: #fd5028
2024-04-17 04:32:58,294 - INFO - Checking icons for Default-theme theme. Icons color: #fd5028
2024-04-17 04:32:58,491 - INFO - Checking icons for qt designer app.
2024-04-17 04:32:58,686 - INFO - all icons have been checked and missing icons generated!
2024-04-17 04:33:30,062 - INFO - Checking icons for Default-theme theme. Icons color: #fd5028
2024-04-17 04:33:30,258 - INFO - Checking icons for Default-theme theme. Icons color: #fd5028
2024-04-17 04:33:30,456 - INFO - Checking icons for qt designer app.
2024-04-17 04:33:30,688 - INFO - all icons have been checked and missing icons generated!
2024-04-17 04:34:23,221 - INFO - Checking icons for Default-theme theme. Icons color: #fd5028
2024-04-17 04:34:23,474 - INFO - Checking icons for Default-theme theme. Icons color: #fd5028
2024-04-17 04:34:23,715 - INFO - Checking icons for qt designer app.
2024-04-17 04:34:23,959 - INFO - all icons have been checked and missing icons generated!
2024-04-17 04:34:48,927 - INFO - Checking icons for Default-theme theme. Icons color: #fd5028
2024-04-17 04:34:49,151 - INFO - Checking icons for Default-theme theme. Icons color: #fd5028
2024-04-17 04:34:49,376 - INFO - Checking icons for qt designer app.
2024-04-17 04:34:49,607 - INFO - all icons have been checked and missing icons generated!
2024-04-17 04:35:16,245 - INFO - Checking icons for Default-theme theme. Icons color: #fd5028
2024-04-17 04:35:16,440 - INFO - Checking icons for Default-theme theme. Icons color: #fd5028
2024-04-17 04:35:16,628 - INFO - Checking icons for qt designer app.
2024-04-17 04:35:16,850 - INFO - all icons have been checked and missing icons generated!
2024-04-17 04:43:46,982 - INFO - Checking icons for Default-theme theme. Icons color: #fd5028
2024-04-17 04:43:47,178 - INFO - Checking icons for Default-theme theme. Icons color: #fd5028
2024-04-17 04:43:47,395 - INFO - Checking icons for qt designer app.
2024-04-17 04:43:47,653 - INFO - all icons have been checked and missing icons generated!
2024-04-17 04:48:22,305 - INFO - Checking icons for Default-theme theme. Icons color: #fd5028
2024-04-17 04:48:22,529 - INFO - Checking icons for Default-theme theme. Icons color: #fd5028
2024-04-17 04:48:22,748 - INFO - Checking icons for qt designer app.
2024-04-17 04:48:22,978 - INFO - all icons have been checked and missing icons generated!
2024-04-17 05:12:51,270 - INFO - Checking icons for Default-theme theme. Icons color: #fd5028
2024-04-17 05:12:51,463 - INFO - Checking icons for Default-theme theme. Icons color: #fd5028
2024-04-17 05:12:51,659 - INFO - Checking icons for qt designer app.
2024-04-17 05:12:51,865 - INFO - all icons have been checked and missing icons generated!
2024-04-17 05:16:15,476 - INFO - Checking icons for Default-theme theme. Icons color: #fd5028
2024-04-17 05:16:15,673 - INFO - Checking icons for Default-theme theme. Icons color: #fd5028
2024-04-17 05:16:15,868 - INFO - Checking icons for qt designer app.
2024-04-17 05:16:16,099 - INFO - all icons have been checked and missing icons generated!
2024-04-17 05:35:22,590 - INFO - Checking icons for Default-theme theme. Icons color: #fd5028
2024-04-17 05:35:22,913 - INFO - Checking icons for Default-theme theme. Icons color: #fd5028
2024-04-17 05:35:23,128 - INFO - Checking icons for qt designer app.
2024-04-17 05:35:23,423 - INFO - all icons have been checked and missing icons generated!
2024-04-17 05:54:47,361 - INFO - Checking icons for Default-theme theme. Icons color: #fd5028
2024-04-17 05:54:47,563 - INFO - Checking icons for Default-theme theme. Icons color: #fd5028
2024-04-17 05:54:47,753 - INFO - Checking icons for qt designer app.
2024-04-17 05:54:47,957 - INFO - all icons have been checked and missing icons generated!
2024-04-17 05:58:11,092 - INFO - Checking icons for Default-theme theme. Icons color: #fd5028
2024-04-17 05:58:11,300 - INFO - Checking icons for Default-theme theme. Icons color: #fd5028
2024-04-17 05:58:11,503 - INFO - Checking icons for qt designer app.
2024-04-17 05:58:11,704 - INFO - all icons have been checked and missing icons generated!
2024-04-17 05:58:26,267 - INFO - Checking icons for Default-theme theme. Icons color: #fd5028
2024-04-17 05:58:26,490 - INFO - Checking icons for Default-theme theme. Icons color: #fd5028
2024-04-17 05:58:26,722 - INFO - Checking icons for qt designer app.
2024-04-17 05:58:26,948 - INFO - all icons have been checked and missing icons generated!
2024-04-17 05:58:32,658 - INFO - Checking icons for Default-theme theme. Icons color: #fd5028
2024-04-17 05:58:32,861 - INFO - Checking icons for Default-theme theme. Icons color: #fd5028
2024-04-17 05:58:33,056 - INFO - Checking icons for qt designer app.
2024-04-17 05:58:33,266 - INFO - all icons have been checked and missing icons generated!
2024-04-17 12:41:15,615 - INFO - Checking icons for Default-theme theme. Icons color: #fd5028
2024-04-17 12:41:16,414 - INFO - Checking icons for Default-theme theme. Icons color: #fd5028
2024-04-17 12:41:16,730 - INFO - Checking icons for qt designer app.
2024-04-17 12:41:17,173 - INFO - all icons have been checked and missing icons generated!
2024-04-17 12:50:32,628 - INFO - Checking icons for Default-theme theme. Icons color: #fd5028
2024-04-17 12:50:32,831 - INFO - Checking icons for Default-theme theme. Icons color: #fd5028
2024-04-17 12:50:33,102 - INFO - Checking icons for qt designer app.
2024-04-17 12:50:33,377 - INFO - all icons have been checked and missing icons generated!
2024-04-18 03:40:09,401 - INFO - Checking icons for Default-theme theme. Icons color: #fd5028
2024-04-18 03:40:10,219 - INFO - Checking icons for Default-theme theme. Icons color: #fd5028
2024-04-18 03:40:10,693 - INFO - Checking icons for qt designer app.
2024-04-18 03:40:11,259 - INFO - all icons have been checked and missing icons generated!
2024-04-18 03:47:57,239 - INFO - Checking icons for Default-theme theme. Icons color: #fd5028
2024-04-18 03:47:57,500 - INFO - Checking icons for Default-theme theme. Icons color: #fd5028
2024-04-18 03:47:57,743 - INFO - Checking icons for qt designer app.
2024-04-18 03:47:57,991 - INFO - all icons have been checked and missing icons generated!
2024-04-18 03:53:39,044 - INFO - Checking icons for Default-theme theme. Icons color: #fd5028
2024-04-18 03:53:39,246 - INFO - Checking icons for Default-theme theme. Icons color: #fd5028
2024-04-18 03:53:39,438 - INFO - Checking icons for qt designer app.
2024-04-18 03:53:39,656 - INFO - all icons have been checked and missing icons generated!
2024-04-18 03:55:13,975 - INFO - Checking icons for Default-theme theme. Icons color: #fd5028
2024-04-18 03:55:14,165 - INFO - Checking icons for Default-theme theme. Icons color: #fd5028
2024-04-18 03:55:14,346 - INFO - Checking icons for qt designer app.
2024-04-18 03:55:14,529 - INFO - all icons have been checked and missing icons generated!
2024-04-18 03:58:57,864 - INFO - Checking icons for Default-theme theme. Icons color: #fd5028
2024-04-18 03:58:58,053 - INFO - Checking icons for Default-theme theme. Icons color: #fd5028
2024-04-18 03:58:58,236 - INFO - Checking icons for qt designer app.
2024-04-18 03:58:58,418 - INFO - all icons have been checked and missing icons generated!
2024-04-18 04:00:06,354 - INFO - Checking icons for Default-theme theme. Icons color: #fd5028
2024-04-18 04:00:06,541 - INFO - Checking icons for Default-theme theme. Icons color: #fd5028
2024-04-18 04:00:06,723 - INFO - Checking icons for qt designer app.
2024-04-18 04:00:06,907 - INFO - all icons have been checked and missing icons generated!
2024-04-18 04:01:47,999 - INFO - Checking icons for Default-theme theme. Icons color: #fd5028
2024-04-18 04:01:48,199 - INFO - Checking icons for Default-theme theme. Icons color: #fd5028
2024-04-18 04:01:48,403 - INFO - Checking icons for qt designer app.
2024-04-18 04:01:48,606 - INFO - all icons have been checked and missing icons generated!
2024-04-18 04:04:32,126 - INFO - Checking icons for Default-theme theme. Icons color: #fd5028
2024-04-18 04:04:32,320 - INFO - Checking icons for Default-theme theme. Icons color: #fd5028
2024-04-18 04:04:32,509 - INFO - Checking icons for qt designer app.
2024-04-18 04:04:32,709 - INFO - all icons have been checked and missing icons generated!
2024-04-18 04:05:25,798 - INFO - Checking icons for Default-theme theme. Icons color: #fd5028
2024-04-18 04:05:25,997 - INFO - Checking icons for Default-theme theme. Icons color: #fd5028
2024-04-18 04:05:26,194 - INFO - Checking icons for qt designer app.
2024-04-18 04:05:26,395 - INFO - all icons have been checked and missing icons generated!
2024-04-18 04:05:53,673 - INFO - Checking icons for Default-theme theme. Icons color: #fd5028
2024-04-18 04:05:53,886 - INFO - Checking icons for Default-theme theme. Icons color: #fd5028
2024-04-18 04:05:54,095 - INFO - Checking icons for qt designer app.
2024-04-18 04:05:54,305 - INFO - all icons have been checked and missing icons generated!
2024-04-18 04:07:33,937 - INFO - Checking icons for Default-theme theme. Icons color: #fd5028
2024-04-18 04:07:34,143 - INFO - Checking icons for Default-theme theme. Icons color: #fd5028
2024-04-18 04:07:34,341 - INFO - Checking icons for qt designer app.
2024-04-18 04:07:34,539 - INFO - all icons have been checked and missing icons generated!
2024-04-18 04:08:57,102 - INFO - Checking icons for Default-theme theme. Icons color: #fd5028
2024-04-18 04:08:57,302 - INFO - Checking icons for Default-theme theme. Icons color: #fd5028
2024-04-18 04:08:57,509 - INFO - Checking icons for qt designer app.
2024-04-18 04:08:57,719 - INFO - all icons have been checked and missing icons generated!
2024-04-18 04:10:26,045 - INFO - Checking icons for Default-theme theme. Icons color: #fd5028
2024-04-18 04:10:26,264 - INFO - Checking icons for Default-theme theme. Icons color: #fd5028
2024-04-18 04:10:26,496 - INFO - Checking icons for qt designer app.
2024-04-18 04:10:26,719 - INFO - all icons have been checked and missing icons generated!
2024-04-18 04:14:32,051 - INFO - Checking icons for Default-theme theme. Icons color: #fd5028
2024-04-18 04:14:32,246 - INFO - Checking icons for Default-theme theme. Icons color: #fd5028
2024-04-18 04:14:32,435 - INFO - Checking icons for qt designer app.
2024-04-18 04:14:32,618 - INFO - all icons have been checked and missing icons generated!
2024-04-18 04:23:50,389 - INFO - Checking icons for Default-theme theme. Icons color: #fd5028
2024-04-18 04:23:50,578 - INFO - Checking icons for Default-theme theme. Icons color: #fd5028
2024-04-18 04:23:50,763 - INFO - Checking icons for qt designer app.
2024-04-18 04:23:50,949 - INFO - all icons have been checked and missing icons generated!
2024-04-18 04:26:17,176 - INFO - Checking icons for Default-theme theme. Icons color: #fd5028
2024-04-18 04:26:17,365 - INFO - Checking icons for Default-theme theme. Icons color: #fd5028
2024-04-18 04:26:17,552 - INFO - Checking icons for qt designer app.
2024-04-18 04:26:17,754 - INFO - all icons have been checked and missing icons generated!
2024-04-18 04:28:26,304 - INFO - Checking icons for Default-theme theme. Icons color: #fd5028
2024-04-18 04:28:26,507 - INFO - Checking icons for Default-theme theme. Icons color: #fd5028
2024-04-18 04:28:26,724 - INFO - Checking icons for qt designer app.
2024-04-18 04:28:26,942 - INFO - all icons have been checked and missing icons generated!
2024-04-18 04:29:06,878 - INFO - Checking icons for Default-theme theme. Icons color: #fd5028
2024-04-18 04:29:07,091 - INFO - Checking icons for Default-theme theme. Icons color: #fd5028
2024-04-18 04:29:07,288 - INFO - Checking icons for qt designer app.
2024-04-18 04:29:07,485 - INFO - all icons have been checked and missing icons generated!
2024-04-18 04:30:32,503 - INFO - Checking icons for Default-theme theme. Icons color: #fd5028
2024-04-18 04:30:32,695 - INFO - Checking icons for Default-theme theme. Icons color: #fd5028
2024-04-18 04:30:32,885 - INFO - Checking icons for qt designer app.
2024-04-18 04:30:33,066 - INFO - all icons have been checked and missing icons generated!
2024-04-18 04:31:31,458 - INFO - Checking icons for Default-theme theme. Icons color: #fd5028
2024-04-18 04:31:31,693 - INFO - Checking icons for Default-theme theme. Icons color: #fd5028
2024-04-18 04:31:31,891 - INFO - Checking icons for qt designer app.
2024-04-18 04:31:32,088 - INFO - all icons have been checked and missing icons generated!
2024-04-18 04:32:33,534 - INFO - Checking icons for Default-theme theme. Icons color: #fd5028
2024-04-18 04:32:33,729 - INFO - Checking icons for Default-theme theme. Icons color: #fd5028
2024-04-18 04:32:33,922 - INFO - Checking icons for qt designer app.
2024-04-18 04:32:34,112 - INFO - all icons have been checked and missing icons generated!
2024-04-18 04:33:58,664 - INFO - Checking icons for Default-theme theme. Icons color: #fd5028
2024-04-18 04:33:58,864 - INFO - Checking icons for Default-theme theme. Icons color: #fd5028
2024-04-18 04:33:59,061 - INFO - Checking icons for qt designer app.
2024-04-18 04:33:59,260 - INFO - all icons have been checked and missing icons generated!
2024-04-18 04:35:10,532 - INFO - Checking icons for Default-theme theme. Icons color: #fd5028
2024-04-18 04:35:10,731 - INFO - Checking icons for Default-theme theme. Icons color: #fd5028
2024-04-18 04:35:10,930 - INFO - Checking icons for qt designer app.
2024-04-18 04:35:11,127 - INFO - all icons have been checked and missing icons generated!
2024-04-18 04:41:53,549 - INFO - Checking icons for Default-theme theme. Icons color: #fd5028
2024-04-18 04:41:53,740 - INFO - Checking icons for Default-theme theme. Icons color: #fd5028
2024-04-18 04:41:53,924 - INFO - Checking icons for qt designer app.
2024-04-18 04:41:54,108 - INFO - all icons have been checked and missing icons generated!
2024-04-18 04:42:18,442 - INFO - Checking icons for Default-theme theme. Icons color: #fd5028
2024-04-18 04:42:18,630 - INFO - Checking icons for Default-theme theme. Icons color: #fd5028
2024-04-18 04:42:18,813 - INFO - Checking icons for qt designer app.
2024-04-18 04:42:19,011 - INFO - all icons have been checked and missing icons generated!
2024-04-18 04:42:32,795 - INFO - Checking icons for Default-theme theme. Icons color: #fd5028
2024-04-18 04:42:32,984 - INFO - Checking icons for Default-theme theme. Icons color: #fd5028
2024-04-18 04:42:33,193 - INFO - Checking icons for qt designer app.
2024-04-18 04:42:33,410 - INFO - all icons have been checked and missing icons generated!
2024-04-18 04:42:40,381 - INFO - Checking icons for Default-theme theme. Icons color: #fd5028
2024-04-18 04:42:40,619 - INFO - Checking icons for Default-theme theme. Icons color: #fd5028
2024-04-18 04:42:40,860 - INFO - Checking icons for qt designer app.
2024-04-18 04:42:41,097 - INFO - all icons have been checked and missing icons generated!
2024-04-18 04:43:13,139 - INFO - Checking icons for Default-theme theme. Icons color: #fd5028
2024-04-18 04:43:13,366 - INFO - Checking icons for Default-theme theme. Icons color: #fd5028
2024-04-18 04:43:13,590 - INFO - Checking icons for qt designer app.
2024-04-18 04:43:13,809 - INFO - all icons have been checked and missing icons generated!
2024-04-18 04:43:50,199 - INFO - Checking icons for Default-theme theme. Icons color: #fd5028
2024-04-18 04:43:50,428 - INFO - Checking icons for Default-theme theme. Icons color: #fd5028
2024-04-18 04:43:50,726 - INFO - Checking icons for qt designer app.
2024-04-18 04:43:50,959 - INFO - all icons have been checked and missing icons generated!
2024-04-18 04:44:48,426 - INFO - Checking icons for Default-theme theme. Icons color: #fd5028
2024-04-18 04:44:48,673 - INFO - Checking icons for Default-theme theme. Icons color: #fd5028
2024-04-18 04:44:48,925 - INFO - Checking icons for qt designer app.
2024-04-18 04:44:49,152 - INFO - all icons have been checked and missing icons generated!
2024-04-18 04:50:09,535 - INFO - Checking icons for Default-theme theme. Icons color: #fd5028
2024-04-18 04:50:09,721 - INFO - Checking icons for Default-theme theme. Icons color: #fd5028
2024-04-18 04:50:09,914 - INFO - Checking icons for qt designer app.
2024-04-18 04:50:10,123 - INFO - all icons have been checked and missing icons generated!
2024-04-18 04:52:01,134 - INFO - Checking icons for Default-theme theme. Icons color: #fd5028
2024-04-18 04:52:01,375 - INFO - Checking icons for Default-theme theme. Icons color: #fd5028
2024-04-18 04:52:01,620 - INFO - Checking icons for qt designer app.
2024-04-18 04:52:01,849 - INFO - all icons have been checked and missing icons generated!
2024-04-18 04:52:52,718 - INFO - Checking icons for Default-theme theme. Icons color: #fd5028
2024-04-18 04:52:52,916 - INFO - Checking icons for Default-theme theme. Icons color: #fd5028
2024-04-18 04:52:53,130 - INFO - Checking icons for qt designer app.
2024-04-18 04:52:53,355 - INFO - all icons have been checked and missing icons generated!
2024-04-18 04:53:23,334 - INFO - Checking icons for Default-theme theme. Icons color: #fd5028
2024-04-18 04:53:23,521 - INFO - Checking icons for Default-theme theme. Icons color: #fd5028
2024-04-18 04:53:23,706 - INFO - Checking icons for qt designer app.
2024-04-18 04:53:23,915 - INFO - all icons have been checked and missing icons generated!
2024-04-18 04:55:26,882 - INFO - Checking icons for Default-theme theme. Icons color: #fd5028
2024-04-18 04:55:27,078 - INFO - Checking icons for Default-theme theme. Icons color: #fd5028
2024-04-18 04:55:27,284 - INFO - Checking icons for qt designer app.
2024-04-18 04:55:27,490 - INFO - all icons have been checked and missing icons generated!
2024-04-18 05:04:31,643 - INFO - Checking icons for Default-theme theme. Icons color: #fd5028
2024-04-18 05:04:31,840 - INFO - Checking icons for Default-theme theme. Icons color: #fd5028
2024-04-18 05:04:32,026 - INFO - Checking icons for qt designer app.
2024-04-18 05:04:32,208 - INFO - all icons have been checked and missing icons generated!
2024-04-18 05:05:51,065 - INFO - Checking icons for Default-theme theme. Icons color: #fd5028
2024-04-18 05:05:51,253 - INFO - Checking icons for Default-theme theme. Icons color: #fd5028
2024-04-18 05:05:51,448 - INFO - Checking icons for qt designer app.
2024-04-18 05:05:51,627 - INFO - all icons have been checked and missing icons generated!
2024-04-18 05:09:22,735 - INFO - Checking icons for Default-theme theme. Icons color: #fd5028
2024-04-18 05:09:22,921 - INFO - Checking icons for Default-theme theme. Icons color: #fd5028
2024-04-18 05:09:23,135 - INFO - Checking icons for qt designer app.
2024-04-18 05:09:23,346 - INFO - all icons have been checked and missing icons generated!
2024-04-18 05:10:08,544 - INFO - Checking icons for Default-theme theme. Icons color: #fd5028
2024-04-18 05:10:08,791 - INFO - Checking icons for Default-theme theme. Icons color: #fd5028
2024-04-18 05:10:09,023 - INFO - Checking icons for qt designer app.
2024-04-18 05:10:09,239 - INFO - all icons have been checked and missing icons generated!
2024-04-18 05:11:57,283 - INFO - Checking icons for Default-theme theme. Icons color: #fd5028
2024-04-18 05:11:57,508 - INFO - Checking icons for Default-theme theme. Icons color: #fd5028
2024-04-18 05:11:57,733 - INFO - Checking icons for qt designer app.
2024-04-18 05:11:57,945 - INFO - all icons have been checked and missing icons generated!
2024-04-18 05:14:15,751 - INFO - Checking icons for Default-theme theme. Icons color: #fd5028
2024-04-18 05:14:15,974 - INFO - Checking icons for Default-theme theme. Icons color: #fd5028
2024-04-18 05:14:16,208 - INFO - Checking icons for qt designer app.
2024-04-18 05:14:16,441 - INFO - all icons have been checked and missing icons generated!
2024-04-18 05:15:15,944 - INFO - Checking icons for Default-theme theme. Icons color: #fd5028
2024-04-18 05:15:16,152 - INFO - Checking icons for Default-theme theme. Icons color: #fd5028
2024-04-18 05:15:16,360 - INFO - Checking icons for qt designer app.
2024-04-18 05:15:16,573 - INFO - all icons have been checked and missing icons generated!
2024-04-18 05:18:05,434 - INFO - Checking icons for Default-theme theme. Icons color: #fd5028
2024-04-18 05:18:05,627 - INFO - Checking icons for Default-theme theme. Icons color: #fd5028
2024-04-18 05:18:05,816 - INFO - Checking icons for qt designer app.
2024-04-18 05:18:06,005 - INFO - all icons have been checked and missing icons generated!
2024-04-18 05:45:00,038 - INFO - Checking icons for Default-theme theme. Icons color: #fd5028
2024-04-18 05:45:00,234 - INFO - Checking icons for Default-theme theme. Icons color: #fd5028
2024-04-18 05:45:00,424 - INFO - Checking icons for qt designer app.
2024-04-18 05:45:00,614 - INFO - all icons have been checked and missing icons generated!
2024-04-18 05:45:41,707 - INFO - Checking icons for Default-theme theme. Icons color: #fd5028
2024-04-18 05:45:41,901 - INFO - Checking icons for Default-theme theme. Icons color: #fd5028
2024-04-18 05:45:42,101 - INFO - Checking icons for qt designer app.
2024-04-18 05:45:42,332 - INFO - all icons have been checked and missing icons generated!
2024-04-18 05:47:42,562 - INFO - Checking icons for Default-theme theme. Icons color: #fd5028
2024-04-18 05:47:42,749 - INFO - Checking icons for Default-theme theme. Icons color: #fd5028
2024-04-18 05:47:42,935 - INFO - Checking icons for qt designer app.
2024-04-18 05:47:43,116 - INFO - all icons have been checked and missing icons generated!
2024-04-18 05:56:37,498 - INFO - Checking icons for Default-theme theme. Icons color: #fd5028
2024-04-18 05:56:37,691 - INFO - Checking icons for Default-theme theme. Icons color: #fd5028
2024-04-18 05:56:37,877 - INFO - Checking icons for qt designer app.
2024-04-18 05:56:38,097 - INFO - all icons have been checked and missing icons generated!
2024-04-18 05:57:33,236 - INFO - Checking icons for Default-theme theme. Icons color: #fd5028
2024-04-18 05:57:33,470 - INFO - Checking icons for Default-theme theme. Icons color: #fd5028
2024-04-18 05:57:33,700 - INFO - Checking icons for qt designer app.
2024-04-18 05:57:33,915 - INFO - all icons have been checked and missing icons generated!
2024-04-18 05:58:52,616 - INFO - Checking icons for Default-theme theme. Icons color: #fd5028
2024-04-18 05:58:52,813 - INFO - Checking icons for Default-theme theme. Icons color: #fd5028
2024-04-18 05:58:53,003 - INFO - Checking icons for qt designer app.
2024-04-18 05:58:53,230 - INFO - all icons have been checked and missing icons generated!
2024-04-18 06:04:36,470 - INFO - Checking icons for Default-theme theme. Icons color: #fd5028
2024-04-18 06:04:36,660 - INFO - Checking icons for Default-theme theme. Icons color: #fd5028
2024-04-18 06:04:36,837 - INFO - Checking icons for qt designer app.
2024-04-18 06:04:37,021 - INFO - all icons have been checked and missing icons generated!
2024-04-18 06:08:13,063 - INFO - Checking icons for Default-theme theme. Icons color: #fd5028
2024-04-18 06:08:13,249 - INFO - Checking icons for Default-theme theme. Icons color: #fd5028
2024-04-18 06:08:13,486 - INFO - Checking icons for qt designer app.
2024-04-18 06:08:13,719 - INFO - all icons have been checked and missing icons generated!
2024-04-18 06:15:18,987 - INFO - Checking icons for Default-theme theme. Icons color: #fd5028
2024-04-18 06:15:19,177 - INFO - Checking icons for Default-theme theme. Icons color: #fd5028
2024-04-18 06:15:19,363 - INFO - Checking icons for qt designer app.
2024-04-18 06:15:19,571 - INFO - all icons have been checked and missing icons generated!
2024-04-18 06:20:55,534 - INFO - Checking icons for Default-theme theme. Icons color: #fd5028
2024-04-18 06:20:55,751 - INFO - Checking icons for Default-theme theme. Icons color: #fd5028
2024-04-18 06:20:55,997 - INFO - Checking icons for qt designer app.
2024-04-18 06:20:56,257 - INFO - all icons have been checked and missing icons generated!
2024-04-18 06:22:25,225 - INFO - Checking icons for Default-theme theme. Icons color: #fd5028
2024-04-18 06:22:25,580 - INFO - Checking icons for Default-theme theme. Icons color: #fd5028
2024-04-18 06:22:25,837 - INFO - Checking icons for qt designer app.
2024-04-18 06:22:26,113 - INFO - all icons have been checked and missing icons generated!
2024-04-18 11:37:20,994 - INFO - Checking icons for Default-theme theme. Icons color: #fd5028
2024-04-18 11:37:21,542 - INFO - Checking icons for Default-theme theme. Icons color: #fd5028
2024-04-18 11:37:21,742 - INFO - Checking icons for qt designer app.
2024-04-18 11:37:22,110 - INFO - all icons have been checked and missing icons generated!
2024-04-18 11:39:21,426 - INFO - Checking icons for Default-theme theme. Icons color: #fd5028
2024-04-18 11:39:21,639 - INFO - Checking icons for Default-theme theme. Icons color: #fd5028
2024-04-18 11:39:21,838 - INFO - Checking icons for qt designer app.
2024-04-18 11:39:22,084 - INFO - all icons have been checked and missing icons generated!
2024-04-18 11:40:31,164 - INFO - Checking icons for Default-theme theme. Icons color: #fd5028
2024-04-18 11:40:31,375 - INFO - Checking icons for Default-theme theme. Icons color: #fd5028
2024-04-18 11:40:31,573 - INFO - Checking icons for qt designer app.
2024-04-18 11:40:31,807 - INFO - all icons have been checked and missing icons generated!
2024-04-18 11:45:23,569 - INFO - Checking icons for Default-theme theme. Icons color: #fd5028
2024-04-18 11:45:23,783 - INFO - Checking icons for Default-theme theme. Icons color: #fd5028
2024-04-18 11:45:23,979 - INFO - Checking icons for qt designer app.
2024-04-18 11:45:24,214 - INFO - all icons have been checked and missing icons generated!
2024-04-18 11:47:55,142 - INFO - Checking icons for Default-theme theme. Icons color: #fd5028
2024-04-18 11:47:55,414 - INFO - Checking icons for Default-theme theme. Icons color: #fd5028
2024-04-18 11:47:55,697 - INFO - Checking icons for qt designer app.
2024-04-18 11:47:55,963 - INFO - all icons have been checked and missing icons generated!
2024-04-18 11:51:37,781 - INFO - Checking icons for Default-theme theme. Icons color: #fd5028
2024-04-18 11:51:38,092 - INFO - Checking icons for Default-theme theme. Icons color: #fd5028
2024-04-18 11:51:38,363 - INFO - Checking icons for qt designer app.
2024-04-18 11:51:38,575 - INFO - all icons have been checked and missing icons generated!
2024-04-18 11:52:43,327 - INFO - Checking icons for Default-theme theme. Icons color: #fd5028
2024-04-18 11:52:43,556 - INFO - Checking icons for Default-theme theme. Icons color: #fd5028
2024-04-18 11:52:43,793 - INFO - Checking icons for qt designer app.
2024-04-18 11:52:44,056 - INFO - all icons have been checked and missing icons generated!
2024-04-18 11:53:14,942 - INFO - Checking icons for Default-theme theme. Icons color: #fd5028
2024-04-18 11:53:15,158 - INFO - Checking icons for Default-theme theme. Icons color: #fd5028
2024-04-18 11:53:15,394 - INFO - Checking icons for qt designer app.
2024-04-18 11:53:15,624 - INFO - all icons have been checked and missing icons generated!
2024-04-18 11:53:18,010 - DEBUG - Starting new HTTPS connection (1): api.pwnedpasswords.com:443
2024-04-18 11:53:20,252 - DEBUG - https://api.pwnedpasswords.com:443 "GET /range/fgsdf HTTP/1.1" 400 41
2024-04-18 11:53:21,589 - DEBUG - Starting new HTTPS connection (1): api.pwnedpasswords.com:443
2024-04-18 11:53:22,081 - DEBUG - https://api.pwnedpasswords.com:443 "GET /range/fgsdf HTTP/1.1" 400 41
2024-04-18 11:53:23,061 - DEBUG - Starting new HTTPS connection (1): api.pwnedpasswords.com:443
2024-04-18 11:53:23,492 - DEBUG - https://api.pwnedpasswords.com:443 "GET /range/fgsdf HTTP/1.1" 400 41
2024-04-18 11:53:25,374 - DEBUG - Starting new HTTPS connection (1): api.pwnedpasswords.com:443
2024-04-18 11:53:25,638 - DEBUG - https://api.pwnedpasswords.com:443 "GET /range/fgsdf HTTP/1.1" 400 41
2024-04-18 11:53:26,604 - DEBUG - Starting new HTTPS connection (1): api.pwnedpasswords.com:443
2024-04-18 11:53:26,818 - DEBUG - https://api.pwnedpasswords.com:443 "GET /range/fgsdf HTTP/1.1" 400 41
2024-04-18 11:53:28,396 - DEBUG - Starting new HTTPS connection (1): api.pwnedpasswords.com:443
2024-04-18 11:53:28,630 - DEBUG - https://api.pwnedpasswords.com:443 "GET /range/fgsdf HTTP/1.1" 400 41
2024-04-18 11:53:40,244 - INFO - Checking icons for Default-theme theme. Icons color: #fd5028
2024-04-18 11:53:40,482 - INFO - Checking icons for Default-theme theme. Icons color: #fd5028
2024-04-18 11:53:40,724 - INFO - Checking icons for qt designer app.
2024-04-18 11:53:40,937 - INFO - all icons have been checked and missing icons generated!
2024-04-18 11:53:43,023 - DEBUG - Starting new HTTPS connection (1): api.pwnedpasswords.com:443
2024-04-18 11:53:43,274 - DEBUG - https://api.pwnedpasswords.com:443 "GET /range/zcvsd HTTP/1.1" 400 41
2024-04-18 11:59:12,668 - INFO - Checking icons for Default-theme theme. Icons color: #fd5028
2024-04-18 11:59:12,919 - INFO - Checking icons for Default-theme theme. Icons color: #fd5028
2024-04-18 11:59:13,167 - INFO - Checking icons for qt designer app.
2024-04-18 11:59:13,428 - INFO - all icons have been checked and missing icons generated!
2024-04-18 11:59:17,759 - DEBUG - Starting new HTTPS connection (1): api.pwnedpasswords.com:443
2024-04-18 11:59:18,798 - DEBUG - https://api.pwnedpasswords.com:443 "GET /range/dfghd HTTP/1.1" 400 41
2024-04-18 11:59:58,365 - DEBUG - Starting new HTTPS connection (1): api.pwnedpasswords.com:443
2024-04-18 11:59:58,605 - DEBUG - https://api.pwnedpasswords.com:443 "GET /range/sdfsa HTTP/1.1" 400 41
2024-04-18 11:59:59,725 - DEBUG - Starting new HTTPS connection (1): api.pwnedpasswords.com:443
2024-04-18 12:00:00,167 - DEBUG - https://api.pwnedpasswords.com:443 "GET /range/sdfsa HTTP/1.1" 400 41
2024-04-18 12:00:00,174 - DEBUG - Starting new HTTPS connection (1): api.pwnedpasswords.com:443
2024-04-18 12:00:00,591 - DEBUG - https://api.pwnedpasswords.com:443 "GET /range/sdfsa HTTP/1.1" 400 41
2024-04-18 12:00:08,158 - DEBUG - Starting new HTTPS connection (1): api.pwnedpasswords.com:443
2024-04-18 12:00:08,425 - DEBUG - https://api.pwnedpasswords.com:443 "GET /range/sdfsa HTTP/1.1" 400 41
2024-04-18 12:01:33,996 - DEBUG - Starting new HTTPS connection (1): api.pwnedpasswords.com:443
2024-04-18 12:01:34,597 - DEBUG - https://api.pwnedpasswords.com:443 "GET /range/hello HTTP/1.1" 400 41
2024-04-18 12:04:30,864 - INFO - Checking icons for Default-theme theme. Icons color: #fd5028
2024-04-18 12:04:31,170 - INFO - Checking icons for Default-theme theme. Icons color: #fd5028
2024-04-18 12:04:31,456 - INFO - Checking icons for qt designer app.
2024-04-18 12:04:31,658 - INFO - all icons have been checked and missing icons generated!
2024-04-18 12:04:38,046 - DEBUG - Starting new HTTPS connection (1): api.pwnedpasswords.com:443
2024-04-18 12:04:38,776 - DEBUG - https://api.pwnedpasswords.com:443 "GET /range/hello HTTP/1.1" 400 41
2024-04-18 12:05:10,557 - DEBUG - Starting new HTTPS connection (1): api.pwnedpasswords.com:443
2024-04-18 12:05:11,006 - DEBUG - https://api.pwnedpasswords.com:443 "GET /range/passw HTTP/1.1" 400 41
2024-04-18 12:05:38,702 - DEBUG - Starting new HTTPS connection (1): api.pwnedpasswords.com:443
2024-04-18 12:05:39,963 - DEBUG - https://api.pwnedpasswords.com:443 "GET /range/abcde HTTP/1.1" 200 None
2024-04-18 12:05:52,759 - INFO - Checking icons for Default-theme theme. Icons color: #fd5028
2024-04-18 12:05:53,024 - INFO - Checking icons for Default-theme theme. Icons color: #fd5028
2024-04-18 12:05:53,316 - INFO - Checking icons for qt designer app.
2024-04-18 12:05:53,532 - INFO - all icons have been checked and missing icons generated!
2024-04-18 12:05:56,311 - DEBUG - Starting new HTTPS connection (1): api.pwnedpasswords.com:443
2024-04-18 12:05:56,968 - DEBUG - https://api.pwnedpasswords.com:443 "GET /range/abcde HTTP/1.1" 200 None
2024-04-18 12:07:29,008 - INFO - Checking icons for Default-theme theme. Icons color: #fd5028
2024-04-18 12:07:29,290 - INFO - Checking icons for Default-theme theme. Icons color: #fd5028
2024-04-18 12:07:29,559 - INFO - Checking icons for qt designer app.
2024-04-18 12:07:29,768 - INFO - all icons have been checked and missing icons generated!
2024-04-18 12:07:36,623 - DEBUG - Starting new HTTPS connection (1): api.pwnedpasswords.com:443
2024-04-18 12:07:38,113 - DEBUG - https://api.pwnedpasswords.com:443 "GET /range/abcde HTTP/1.1" 200 None
2024-04-18 12:12:17,369 - INFO - Checking icons for Default-theme theme. Icons color: #fd5028
2024-04-18 12:12:17,575 - INFO - Checking icons for Default-theme theme. Icons color: #fd5028
2024-04-18 12:12:17,817 - INFO - Checking icons for qt designer app.
2024-04-18 12:12:18,070 - INFO - all icons have been checked and missing icons generated!
2024-04-18 12:12:28,902 - DEBUG - Starting new HTTPS connection (1): api.pwnedpasswords.com:443
2024-04-18 12:12:29,299 - DEBUG - https://api.pwnedpasswords.com:443 "GET /range/abcde HTTP/1.1" 200 None
2024-04-18 12:14:17,860 - INFO - Checking icons for Default-theme theme. Icons color: #fd5028
2024-04-18 12:14:18,141 - INFO - Checking icons for Default-theme theme. Icons color: #fd5028
2024-04-18 12:14:18,433 - INFO - Checking icons for qt designer app.
2024-04-18 12:14:18,641 - INFO - all icons have been checked and missing icons generated!
2024-04-18 12:14:23,440 - DEBUG - Starting new HTTPS connection (1): api.pwnedpasswords.com:443
2024-04-18 12:14:24,437 - DEBUG - https://api.pwnedpasswords.com:443 "GET /range/abcde HTTP/1.1" 200 None
2024-04-19 05:55:29,075 - INFO - Checking icons for Default-theme theme. Icons color: #fd5028
2024-04-19 05:55:29,519 - INFO - Checking icons for Default-theme theme. Icons color: #fd5028
2024-04-19 05:55:29,746 - INFO - Checking icons for qt designer app.
2024-04-19 05:55:30,144 - INFO - all icons have been checked and missing icons generated!
2024-04-19 05:55:55,191 - DEBUG - Starting new HTTPS connection (1): api.pwnedpasswords.com:443
2024-04-19 05:55:55,263 - DEBUG - https://api.pwnedpasswords.com:443 "GET /range/hello HTTP/1.1" 400 41
2024-04-19 05:56:08,877 - DEBUG - Starting new HTTPS connection (1): api.pwnedpasswords.com:443
2024-04-19 05:56:08,933 - DEBUG - https://api.pwnedpasswords.com:443 "GET /range/abcde HTTP/1.1" 200 None
2024-04-19 06:49:59,379 - INFO - Checking icons for Default-theme theme. Icons color: #fd5028
2024-04-19 06:49:59,579 - INFO - Checking icons for Default-theme theme. Icons color: #fd5028
2024-04-19 06:49:59,772 - INFO - Checking icons for qt designer app.
2024-04-19 06:50:00,133 - INFO - all icons have been checked and missing icons generated!
2024-04-19 16:34:27,567 - INFO - Checking icons for Default-theme theme. Icons color: #fd5028
2024-04-19 16:34:28,739 - INFO - Checking icons for Default-theme theme. Icons color: #fd5028
2024-04-19 16:34:29,109 - INFO - Checking icons for qt designer app.
2024-04-19 16:34:29,736 - INFO - all icons have been checked and missing icons generated!
2024-04-19 17:57:03,221 - INFO - Checking icons for Default-theme theme. Icons color: #fd5028
2024-04-19 17:57:03,887 - INFO - Checking icons for Default-theme theme. Icons color: #fd5028
2024-04-19 17:57:04,097 - INFO - Checking icons for qt designer app.
2024-04-19 17:57:04,494 - INFO - all icons have been checked and missing icons generated!
2024-04-19 17:57:54,048 - DEBUG - Starting new HTTPS connection (1): api.pwnedpasswords.com:443
2024-04-19 17:57:54,246 - DEBUG - https://api.pwnedpasswords.com:443 "GET /range/hp/?F HTTP/1.1" 400 41
2024-04-19 17:58:08,504 - DEBUG - Starting new HTTPS connection (1): api.pwnedpasswords.com:443
2024-04-19 17:58:08,659 - DEBUG - https://api.pwnedpasswords.com:443 "GET /range/abcde HTTP/1.1" 200 None
