2024-04-19 07:05:17,501 - INFO - ('Current icons color ', None, 'New icons color', '#e60540')
2024-04-19 07:05:17,501 - INFO - Generating icons for your theme, please wait. This may take long
2024-04-19 07:05:17,781 - INFO - ('DONE: Current icons color ', '#e60540')
2024-04-19 07:06:08,603 - INFO - Checking icons for Default-theme theme. Icons color: #e60540
2024-04-19 07:06:08,854 - INFO - Checking icons for Default-theme theme. Icons color: #e60540
2024-04-19 07:06:09,109 - INFO - Checking icons for qt designer app.
2024-04-19 07:06:09,322 - INFO - all icons have been checked and missing icons generated!
2024-04-19 07:06:28,870 - INFO - Checking icons for Default-theme theme. Icons color: #e60540
2024-04-19 07:06:29,112 - INFO - Checking icons for Default-theme theme. Icons color: #e60540
2024-04-19 07:06:29,351 - INFO - Checking icons for qt designer app.
2024-04-19 07:06:29,570 - INFO - all icons have been checked and missing icons generated!
2024-04-19 07:07:08,524 - INFO - Checking icons for Default-theme theme. Icons color: #e60540
2024-04-19 07:07:08,773 - INFO - Checking icons for Default-theme theme. Icons color: #e60540
2024-04-19 07:07:09,012 - INFO - Checking icons for qt designer app.
2024-04-19 07:07:09,229 - INFO - all icons have been checked and missing icons generated!
2024-04-19 07:08:03,519 - INFO - Checking icons for Default-theme theme. Icons color: #e60540
2024-04-19 07:08:03,778 - INFO - Checking icons for Default-theme theme. Icons color: #e60540
2024-04-19 07:08:04,027 - INFO - Checking icons for qt designer app.
2024-04-19 07:08:04,256 - INFO - all icons have been checked and missing icons generated!
2024-04-19 07:22:41,344 - INFO - Checking icons for Default-theme theme. Icons color: #e60540
2024-04-19 07:22:41,572 - INFO - Checking icons for Default-theme theme. Icons color: #e60540
2024-04-19 07:22:41,801 - INFO - Checking icons for qt designer app.
2024-04-19 07:22:42,018 - INFO - all icons have been checked and missing icons generated!
2024-04-19 07:23:21,533 - INFO - Checking icons for Default-theme theme. Icons color: #e60540
2024-04-19 07:23:21,808 - INFO - Checking icons for Default-theme theme. Icons color: #e60540
2024-04-19 07:23:22,064 - INFO - Checking icons for qt designer app.
2024-04-19 07:23:22,281 - INFO - all icons have been checked and missing icons generated!
2024-04-19 07:32:52,917 - INFO - Checking icons for Default-theme theme. Icons color: #e60540
2024-04-19 07:32:53,162 - INFO - Checking icons for Default-theme theme. Icons color: #e60540
2024-04-19 07:32:53,405 - INFO - Checking icons for qt designer app.
2024-04-19 07:32:53,630 - INFO - all icons have been checked and missing icons generated!
2024-04-19 07:34:07,681 - INFO - Checking icons for Default-theme theme. Icons color: #e60540
2024-04-19 07:34:07,880 - INFO - Checking icons for Default-theme theme. Icons color: #e60540
2024-04-19 07:34:08,072 - INFO - Checking icons for qt designer app.
2024-04-19 07:34:08,289 - INFO - all icons have been checked and missing icons generated!
2024-04-19 09:04:06,858 - INFO - Checking icons for Default-theme theme. Icons color: #e60540
2024-04-19 09:04:07,466 - INFO - Checking icons for Default-theme theme. Icons color: #e60540
2024-04-19 09:04:08,028 - INFO - Checking icons for qt designer app.
2024-04-19 09:04:08,439 - INFO - all icons have been checked and missing icons generated!
2024-04-19 11:44:23,376 - INFO - ('Current icons color ', None, 'New icons color', '#e60540')
2024-04-19 11:44:23,377 - INFO - Generating icons for your theme, please wait. This may take long
2024-04-19 11:44:23,764 - INFO - ('DONE: Current icons color ', '#e60540')
2024-04-19 11:47:10,229 - INFO - Checking icons for Default-theme theme. Icons color: #e60540
2024-04-19 11:47:10,470 - INFO - Checking icons for Default-theme theme. Icons color: #e60540
2024-04-19 11:47:10,723 - INFO - Checking icons for qt designer app.
2024-04-19 11:47:11,088 - INFO - all icons have been checked and missing icons generated!
2024-04-19 11:58:10,311 - INFO - Checking icons for Default-theme theme. Icons color: #e60540
2024-04-19 11:58:10,533 - INFO - Checking icons for Default-theme theme. Icons color: #e60540
2024-04-19 11:58:10,757 - INFO - Checking icons for qt designer app.
2024-04-19 11:58:10,971 - INFO - all icons have been checked and missing icons generated!
2024-04-19 14:03:41,142 - INFO - Checking icons for Default-theme theme. Icons color: #e60540
2024-04-19 14:03:41,366 - INFO - Checking icons for Default-theme theme. Icons color: #e60540
2024-04-19 14:03:41,565 - INFO - Checking icons for qt designer app.
2024-04-19 14:03:41,770 - INFO - all icons have been checked and missing icons generated!
2024-04-19 14:04:36,814 - INFO - Checking icons for Default-theme theme. Icons color: #e60540
2024-04-19 14:04:37,017 - INFO - Checking icons for Default-theme theme. Icons color: #e60540
2024-04-19 14:04:37,234 - INFO - Checking icons for qt designer app.
2024-04-19 14:04:37,448 - INFO - all icons have been checked and missing icons generated!
2024-04-19 14:04:42,284 - DEBUG - Starting new HTTP connection (1): api.openweathermap.org:80
2024-04-19 14:04:44,050 - DEBUG - http://api.openweathermap.org:80 "GET /data/2.5/weather?q=paris&appid=f880252b9eb340fddd34dfb03c731b6f&units=metric HTTP/1.1" 200 470
2024-04-19 14:05:09,211 - DEBUG - Starting new HTTP connection (1): api.openweathermap.org:80
2024-04-19 14:05:09,321 - DEBUG - http://api.openweathermap.org:80 "GET /data/2.5/weather?q=rajamundry&appid=f880252b9eb340fddd34dfb03c731b6f&units=metric HTTP/1.1" 404 40
2024-04-19 14:57:58,117 - INFO - Checking icons for Default-theme theme. Icons color: #e60540
2024-04-19 14:57:58,346 - INFO - Checking icons for Default-theme theme. Icons color: #e60540
2024-04-19 14:57:58,564 - INFO - Checking icons for qt designer app.
2024-04-19 14:57:58,793 - INFO - all icons have been checked and missing icons generated!
2024-04-19 15:00:25,920 - INFO - Checking icons for Default-theme theme. Icons color: #e60540
2024-04-19 15:00:26,114 - INFO - Checking icons for Default-theme theme. Icons color: #e60540
2024-04-19 15:00:26,314 - INFO - Checking icons for qt designer app.
2024-04-19 15:00:26,524 - INFO - all icons have been checked and missing icons generated!
2024-04-19 15:04:42,830 - INFO - Checking icons for Default-theme theme. Icons color: #e60540
2024-04-19 15:04:43,026 - INFO - Checking icons for Default-theme theme. Icons color: #e60540
2024-04-19 15:04:43,218 - INFO - Checking icons for qt designer app.
2024-04-19 15:04:43,433 - INFO - all icons have been checked and missing icons generated!
2024-04-19 15:04:46,836 - DEBUG - Starting new HTTP connection (1): api.openweathermap.org:80
2024-04-19 15:04:46,948 - DEBUG - http://api.openweathermap.org:80 "GET /data/2.5/weather?q=paris&appid=f880252b9eb340fddd34dfb03c731b6f&units=metric HTTP/1.1" 200 471
2024-04-19 15:08:07,438 - INFO - Checking icons for Default-theme theme. Icons color: #e60540
2024-04-19 15:08:07,651 - INFO - Checking icons for Default-theme theme. Icons color: #e60540
2024-04-19 15:08:07,841 - INFO - Checking icons for qt designer app.
2024-04-19 15:08:08,030 - INFO - all icons have been checked and missing icons generated!
2024-04-19 15:08:11,356 - DEBUG - Starting new HTTP connection (1): api.openweathermap.org:80
2024-04-19 15:08:11,460 - DEBUG - http://api.openweathermap.org:80 "GET /data/2.5/weather?q=paris&appid=f880252b9eb340fddd34dfb03c731b6f&units=metric HTTP/1.1" 200 471
2024-04-19 15:08:35,268 - INFO - Checking icons for Default-theme theme. Icons color: #e60540
2024-04-19 15:08:35,474 - INFO - Checking icons for Default-theme theme. Icons color: #e60540
2024-04-19 15:08:35,693 - INFO - Checking icons for qt designer app.
2024-04-19 15:08:35,905 - INFO - all icons have been checked and missing icons generated!
2024-04-19 15:08:39,051 - DEBUG - Starting new HTTP connection (1): api.openweathermap.org:80
2024-04-19 15:08:39,146 - DEBUG - http://api.openweathermap.org:80 "GET /data/2.5/weather?q=paris&appid=f880252b9eb340fddd34dfb03c731b6f&units=metric HTTP/1.1" 200 471
2024-04-19 15:09:15,384 - INFO - Checking icons for Default-theme theme. Icons color: #e60540
2024-04-19 15:09:15,604 - INFO - Checking icons for Default-theme theme. Icons color: #e60540
2024-04-19 15:09:15,835 - INFO - Checking icons for qt designer app.
2024-04-19 15:09:16,074 - INFO - all icons have been checked and missing icons generated!
2024-04-19 15:09:18,900 - DEBUG - Starting new HTTP connection (1): api.openweathermap.org:80
2024-04-19 15:09:18,999 - DEBUG - http://api.openweathermap.org:80 "GET /data/2.5/weather?q=paris&appid=f880252b9eb340fddd34dfb03c731b6f&units=metric HTTP/1.1" 200 471
2024-04-19 15:09:29,221 - INFO - Checking icons for Default-theme theme. Icons color: #e60540
2024-04-19 15:09:29,435 - INFO - Checking icons for Default-theme theme. Icons color: #e60540
2024-04-19 15:09:29,659 - INFO - Checking icons for qt designer app.
2024-04-19 15:09:29,878 - INFO - all icons have been checked and missing icons generated!
2024-04-19 15:09:32,851 - DEBUG - Starting new HTTP connection (1): api.openweathermap.org:80
2024-04-19 15:09:34,559 - DEBUG - http://api.openweathermap.org:80 "GET /data/2.5/weather?q=paris&appid=f880252b9eb340fddd34dfb03c731b6f&units=metric HTTP/1.1" 200 471
2024-04-19 15:12:02,920 - INFO - Checking icons for Default-theme theme. Icons color: #e60540
2024-04-19 15:12:03,133 - INFO - Checking icons for Default-theme theme. Icons color: #e60540
2024-04-19 15:12:03,341 - INFO - Checking icons for qt designer app.
2024-04-19 15:12:03,564 - INFO - all icons have been checked and missing icons generated!
2024-04-19 15:14:34,951 - INFO - Checking icons for Default-theme theme. Icons color: #e60540
2024-04-19 15:14:35,149 - INFO - Checking icons for Default-theme theme. Icons color: #e60540
2024-04-19 15:14:35,350 - INFO - Checking icons for qt designer app.
2024-04-19 15:14:35,553 - INFO - all icons have been checked and missing icons generated!
2024-04-19 15:14:56,747 - DEBUG - Starting new HTTP connection (1): api.openweathermap.org:80
2024-04-19 15:14:56,853 - DEBUG - http://api.openweathermap.org:80 "GET /data/2.5/weather?q=paris&appid=f880252b9eb340fddd34dfb03c731b6f&units=metric HTTP/1.1" 200 470
2024-04-19 15:17:06,674 - INFO - Checking icons for Default-theme theme. Icons color: #e60540
2024-04-19 15:17:06,877 - INFO - Checking icons for Default-theme theme. Icons color: #e60540
2024-04-19 15:17:07,091 - INFO - Checking icons for qt designer app.
2024-04-19 15:17:07,305 - INFO - all icons have been checked and missing icons generated!
2024-04-19 15:18:03,052 - INFO - Checking icons for Default-theme theme. Icons color: #e60540
2024-04-19 15:18:03,295 - INFO - Checking icons for Default-theme theme. Icons color: #e60540
2024-04-19 15:18:03,521 - INFO - Checking icons for qt designer app.
2024-04-19 15:18:03,733 - INFO - all icons have been checked and missing icons generated!
2024-04-19 15:18:10,371 - DEBUG - Starting new HTTP connection (1): api.openweathermap.org:80
2024-04-19 15:18:10,528 - DEBUG - http://api.openweathermap.org:80 "GET /data/2.5/weather?q=paris&appid=f880252b9eb340fddd34dfb03c731b6f&units=metric HTTP/1.1" 200 471
2024-04-19 15:26:54,916 - INFO - Checking icons for Default-theme theme. Icons color: #e60540
2024-04-19 15:26:55,131 - INFO - Checking icons for Default-theme theme. Icons color: #e60540
2024-04-19 15:26:55,342 - INFO - Checking icons for qt designer app.
2024-04-19 15:26:55,557 - INFO - all icons have been checked and missing icons generated!
2024-04-19 15:26:58,173 - DEBUG - Starting new HTTP connection (1): api.openweathermap.org:80
2024-04-19 15:26:58,297 - DEBUG - http://api.openweathermap.org:80 "GET /data/2.5/weather?q=paris&appid=f880252b9eb340fddd34dfb03c731b6f&units=metric HTTP/1.1" 200 468
2024-04-19 15:28:41,717 - INFO - Checking icons for Default-theme theme. Icons color: #e60540
2024-04-19 15:28:41,917 - INFO - Checking icons for Default-theme theme. Icons color: #e60540
2024-04-19 15:28:42,127 - INFO - Checking icons for qt designer app.
2024-04-19 15:28:42,331 - INFO - all icons have been checked and missing icons generated!
2024-04-19 15:28:48,436 - DEBUG - Starting new HTTP connection (1): api.openweathermap.org:80
2024-04-19 15:28:48,536 - DEBUG - http://api.openweathermap.org:80 "GET /data/2.5/weather?q=Paris&appid=f880252b9eb340fddd34dfb03c731b6f&units=metric HTTP/1.1" 200 468
2024-04-19 15:29:08,618 - INFO - Checking icons for Default-theme theme. Icons color: #e60540
2024-04-19 15:29:08,803 - INFO - Checking icons for Default-theme theme. Icons color: #e60540
2024-04-19 15:29:08,994 - INFO - Checking icons for qt designer app.
2024-04-19 15:29:09,216 - INFO - all icons have been checked and missing icons generated!
2024-04-19 15:29:12,933 - DEBUG - Starting new HTTP connection (1): api.openweathermap.org:80
2024-04-19 15:29:14,039 - DEBUG - http://api.openweathermap.org:80 "GET /data/2.5/weather?q=Paris&appid=f880252b9eb340fddd34dfb03c731b6f&units=metric HTTP/1.1" 200 468
2024-04-19 15:30:59,609 - INFO - Checking icons for Default-theme theme. Icons color: #e60540
2024-04-19 15:30:59,797 - INFO - Checking icons for Default-theme theme. Icons color: #e60540
2024-04-19 15:30:59,999 - INFO - Checking icons for qt designer app.
2024-04-19 15:31:00,221 - INFO - all icons have been checked and missing icons generated!
2024-04-19 15:31:30,495 - INFO - Checking icons for Default-theme theme. Icons color: #e60540
2024-04-19 15:31:30,683 - INFO - Checking icons for Default-theme theme. Icons color: #e60540
2024-04-19 15:31:30,870 - INFO - Checking icons for qt designer app.
2024-04-19 15:31:31,053 - INFO - all icons have been checked and missing icons generated!
2024-04-19 15:31:36,996 - DEBUG - Starting new HTTP connection (1): api.openweathermap.org:80
2024-04-19 15:31:37,093 - DEBUG - http://api.openweathermap.org:80 "GET /data/2.5/weather?q=Paris&appid=f880252b9eb340fddd34dfb03c731b6f&units=metric HTTP/1.1" 200 468
2024-04-19 15:37:37,326 - INFO - Checking icons for Default-theme theme. Icons color: #e60540
2024-04-19 15:37:37,546 - INFO - Checking icons for Default-theme theme. Icons color: #e60540
2024-04-19 15:37:37,770 - INFO - Checking icons for qt designer app.
2024-04-19 15:37:37,991 - INFO - all icons have been checked and missing icons generated!
2024-04-19 15:37:41,612 - DEBUG - Starting new HTTP connection (1): api.openweathermap.org:80
2024-04-19 15:37:42,128 - DEBUG - http://api.openweathermap.org:80 "GET /data/2.5/weather?q=Paris&appid=f880252b9eb340fddd34dfb03c731b6f&units=metric HTTP/1.1" 200 468
2024-04-19 15:37:53,786 - DEBUG - Starting new HTTP connection (1): api.openweathermap.org:80
2024-04-19 15:37:53,906 - DEBUG - http://api.openweathermap.org:80 "GET /data/2.5/weather?q=London&appid=f880252b9eb340fddd34dfb03c731b6f&units=metric HTTP/1.1" 200 485
2024-04-19 15:39:18,956 - INFO - Checking icons for Default-theme theme. Icons color: #e60540
2024-04-19 15:39:19,173 - INFO - Checking icons for Default-theme theme. Icons color: #e60540
2024-04-19 15:39:19,398 - INFO - Checking icons for qt designer app.
2024-04-19 15:39:19,645 - INFO - all icons have been checked and missing icons generated!
2024-04-19 15:39:23,500 - DEBUG - Starting new HTTP connection (1): api.openweathermap.org:80
2024-04-19 15:39:28,511 - DEBUG - http://api.openweathermap.org:80 "GET /data/2.5/weather?q=Paris&appid=f880252b9eb340fddd34dfb03c731b6f&units=metric HTTP/1.1" 200 468
2024-04-19 15:39:28,524 - DEBUG - Starting new HTTP connection (1): api.openweathermap.org:80
2024-04-19 15:39:28,625 - DEBUG - http://api.openweathermap.org:80 "GET /data/2.5/weather?q=Paris&appid=f880252b9eb340fddd34dfb03c731b6f&units=metric HTTP/1.1" 200 468
2024-04-19 15:39:41,058 - DEBUG - Starting new HTTP connection (1): api.openweathermap.org:80
2024-04-19 15:39:41,166 - DEBUG - http://api.openweathermap.org:80 "GET /data/2.5/weather?q=London&appid=f880252b9eb340fddd34dfb03c731b6f&units=metric HTTP/1.1" 200 485
2024-04-19 15:40:54,279 - INFO - Checking icons for Default-theme theme. Icons color: #e60540
2024-04-19 15:40:54,487 - INFO - Checking icons for Default-theme theme. Icons color: #e60540
2024-04-19 15:40:54,692 - INFO - Checking icons for qt designer app.
2024-04-19 15:40:54,909 - INFO - all icons have been checked and missing icons generated!
2024-04-19 15:41:02,359 - DEBUG - Starting new HTTP connection (1): api.openweathermap.org:80
2024-04-19 15:41:02,465 - DEBUG - http://api.openweathermap.org:80 "GET /data/2.5/weather?q=Paris&appid=f880252b9eb340fddd34dfb03c731b6f&units=metric HTTP/1.1" 200 468
2024-04-19 15:41:14,555 - DEBUG - Starting new HTTP connection (1): api.openweathermap.org:80
2024-04-19 15:41:14,659 - DEBUG - http://api.openweathermap.org:80 "GET /data/2.5/weather?q=London&appid=f880252b9eb340fddd34dfb03c731b6f&units=metric HTTP/1.1" 200 485
2024-04-19 15:42:09,628 - DEBUG - Starting new HTTP connection (1): api.openweathermap.org:80
2024-04-19 15:42:09,738 - DEBUG - http://api.openweathermap.org:80 "GET /data/2.5/weather?q=Washington&appid=f880252b9eb340fddd34dfb03c731b6f&units=metric HTTP/1.1" 200 517
2024-04-19 15:45:18,059 - INFO - Checking icons for Default-theme theme. Icons color: #e60540
2024-04-19 15:45:18,289 - INFO - Checking icons for Default-theme theme. Icons color: #e60540
2024-04-19 15:45:18,489 - INFO - Checking icons for qt designer app.
2024-04-19 15:45:18,687 - INFO - all icons have been checked and missing icons generated!
2024-04-19 15:45:23,036 - DEBUG - Starting new HTTP connection (1): api.openweathermap.org:80
2024-04-19 15:45:23,136 - DEBUG - http://api.openweathermap.org:80 "GET /data/2.5/weather?q=London&appid=f880252b9eb340fddd34dfb03c731b6f&units=metric HTTP/1.1" 200 472
2024-04-19 15:45:33,178 - DEBUG - Starting new HTTP connection (1): api.openweathermap.org:80
2024-04-19 15:45:33,273 - DEBUG - http://api.openweathermap.org:80 "GET /data/2.5/weather?q=Paris&appid=f880252b9eb340fddd34dfb03c731b6f&units=metric HTTP/1.1" 200 468
2024-04-19 15:45:40,004 - DEBUG - Starting new HTTP connection (1): api.openweathermap.org:80
2024-04-19 15:45:40,109 - DEBUG - http://api.openweathermap.org:80 "GET /data/2.5/weather?q=Washington&appid=f880252b9eb340fddd34dfb03c731b6f&units=metric HTTP/1.1" 200 517
2024-04-19 15:50:41,186 - INFO - Checking icons for Default-theme theme. Icons color: #e60540
2024-04-19 15:50:41,386 - INFO - Checking icons for Default-theme theme. Icons color: #e60540
2024-04-19 15:50:41,579 - INFO - Checking icons for qt designer app.
2024-04-19 15:50:41,780 - INFO - all icons have been checked and missing icons generated!
2024-04-19 15:52:39,539 - INFO - Checking icons for Default-theme theme. Icons color: #e60540
2024-04-19 15:52:39,746 - INFO - Checking icons for Default-theme theme. Icons color: #e60540
2024-04-19 15:52:39,952 - INFO - Checking icons for qt designer app.
2024-04-19 15:52:40,160 - INFO - all icons have been checked and missing icons generated!
2024-04-19 15:53:39,829 - INFO - Checking icons for Default-theme theme. Icons color: #e60540
2024-04-19 15:53:40,046 - INFO - Checking icons for Default-theme theme. Icons color: #e60540
2024-04-19 15:53:40,293 - INFO - Checking icons for qt designer app.
2024-04-19 15:53:40,514 - INFO - all icons have been checked and missing icons generated!
2024-04-19 15:54:23,955 - INFO - Checking icons for Default-theme theme. Icons color: #e60540
2024-04-19 15:54:24,179 - INFO - Checking icons for Default-theme theme. Icons color: #e60540
2024-04-19 15:54:24,395 - INFO - Checking icons for qt designer app.
2024-04-19 15:54:24,623 - INFO - all icons have been checked and missing icons generated!
2024-04-19 15:55:35,261 - INFO - Checking icons for Default-theme theme. Icons color: #e60540
2024-04-19 15:55:35,481 - INFO - Checking icons for Default-theme theme. Icons color: #e60540
2024-04-19 15:55:35,709 - INFO - Checking icons for qt designer app.
2024-04-19 15:55:35,936 - INFO - all icons have been checked and missing icons generated!
2024-04-19 15:56:16,355 - INFO - Checking icons for Default-theme theme. Icons color: #e60540
2024-04-19 15:56:16,563 - INFO - Checking icons for Default-theme theme. Icons color: #e60540
2024-04-19 15:56:16,774 - INFO - Checking icons for qt designer app.
2024-04-19 15:56:16,989 - INFO - all icons have been checked and missing icons generated!
2024-04-19 15:57:43,631 - INFO - Checking icons for Default-theme theme. Icons color: #e60540
2024-04-19 15:57:43,853 - INFO - Checking icons for Default-theme theme. Icons color: #e60540
2024-04-19 15:57:44,076 - INFO - Checking icons for qt designer app.
2024-04-19 15:57:44,291 - INFO - all icons have been checked and missing icons generated!
2024-04-19 15:58:41,730 - INFO - Checking icons for Default-theme theme. Icons color: #e60540
2024-04-19 15:58:41,938 - INFO - Checking icons for Default-theme theme. Icons color: #e60540
2024-04-19 15:58:42,154 - INFO - Checking icons for qt designer app.
2024-04-19 15:58:42,369 - INFO - all icons have been checked and missing icons generated!
2024-04-19 15:59:08,312 - INFO - Checking icons for Default-theme theme. Icons color: #e60540
2024-04-19 15:59:08,523 - INFO - Checking icons for Default-theme theme. Icons color: #e60540
2024-04-19 15:59:08,736 - INFO - Checking icons for qt designer app.
2024-04-19 15:59:08,942 - INFO - all icons have been checked and missing icons generated!
2024-04-19 16:00:35,772 - DEBUG - Starting new HTTP connection (1): api.openweathermap.org:80
2024-04-19 16:00:35,871 - DEBUG - http://api.openweathermap.org:80 "GET /data/2.5/weather?q=Paris&appid=f880252b9eb340fddd34dfb03c731b6f&units=metric HTTP/1.1" 200 468
2024-04-19 16:01:52,517 - INFO - Checking icons for Default-theme theme. Icons color: #e60540
2024-04-19 16:01:52,736 - INFO - Checking icons for Default-theme theme. Icons color: #e60540
2024-04-19 16:01:52,935 - INFO - Checking icons for qt designer app.
2024-04-19 16:01:53,136 - INFO - all icons have been checked and missing icons generated!
2024-04-19 16:02:07,712 - DEBUG - Starting new HTTP connection (1): api.openweathermap.org:80
2024-04-19 16:02:07,829 - DEBUG - http://api.openweathermap.org:80 "GET /data/2.5/weather?q=Paris&appid=f880252b9eb340fddd34dfb03c731b6f&units=metric HTTP/1.1" 200 468
2024-04-19 16:04:16,057 - INFO - Checking icons for Default-theme theme. Icons color: #e60540
2024-04-19 16:04:16,258 - INFO - Checking icons for Default-theme theme. Icons color: #e60540
2024-04-19 16:04:16,447 - INFO - Checking icons for qt designer app.
2024-04-19 16:04:16,637 - INFO - all icons have been checked and missing icons generated!
2024-04-19 16:04:26,981 - DEBUG - Starting new HTTP connection (1): api.openweathermap.org:80
2024-04-19 16:04:27,081 - DEBUG - http://api.openweathermap.org:80 "GET /data/2.5/weather?q=Paris&appid=f880252b9eb340fddd34dfb03c731b6f&units=metric HTTP/1.1" 200 468
2024-04-19 16:04:59,441 - INFO - Checking icons for Default-theme theme. Icons color: #e60540
2024-04-19 16:04:59,642 - INFO - Checking icons for Default-theme theme. Icons color: #e60540
2024-04-19 16:04:59,843 - INFO - Checking icons for qt designer app.
2024-04-19 16:05:00,046 - INFO - all icons have been checked and missing icons generated!
2024-04-19 16:05:11,539 - INFO - Checking icons for Default-theme theme. Icons color: #e60540
2024-04-19 16:05:11,761 - INFO - Checking icons for Default-theme theme. Icons color: #e60540
2024-04-19 16:05:11,981 - INFO - Checking icons for qt designer app.
2024-04-19 16:05:12,203 - INFO - all icons have been checked and missing icons generated!
2024-04-19 16:05:16,588 - DEBUG - Starting new HTTP connection (1): api.openweathermap.org:80
2024-04-19 16:05:16,735 - DEBUG - http://api.openweathermap.org:80 "GET /data/2.5/weather?q=Paris&appid=f880252b9eb340fddd34dfb03c731b6f&units=metric HTTP/1.1" 200 468
2024-04-19 16:06:51,322 - INFO - Checking icons for Default-theme theme. Icons color: #e60540
2024-04-19 16:06:51,509 - INFO - Checking icons for Default-theme theme. Icons color: #e60540
2024-04-19 16:06:51,701 - INFO - Checking icons for qt designer app.
2024-04-19 16:06:51,904 - INFO - all icons have been checked and missing icons generated!
2024-04-19 16:06:55,797 - DEBUG - Starting new HTTP connection (1): api.openweathermap.org:80
2024-04-19 16:06:55,905 - DEBUG - http://api.openweathermap.org:80 "GET /data/2.5/weather?q=Paris&appid=f880252b9eb340fddd34dfb03c731b6f&units=metric HTTP/1.1" 200 468
2024-04-19 16:07:17,594 - DEBUG - Starting new HTTP connection (1): api.openweathermap.org:80
2024-04-19 16:07:17,741 - DEBUG - http://api.openweathermap.org:80 "GET /data/2.5/weather?q=London&appid=f880252b9eb340fddd34dfb03c731b6f&units=metric HTTP/1.1" 200 486
2024-04-19 16:08:22,551 - INFO - Checking icons for Default-theme theme. Icons color: #e60540
2024-04-19 16:08:22,769 - INFO - Checking icons for Default-theme theme. Icons color: #e60540
2024-04-19 16:08:22,989 - INFO - Checking icons for qt designer app.
2024-04-19 16:08:23,206 - INFO - all icons have been checked and missing icons generated!
2024-04-19 16:08:26,205 - DEBUG - Starting new HTTP connection (1): api.openweathermap.org:80
2024-04-19 16:08:26,296 - DEBUG - http://api.openweathermap.org:80 "GET /data/2.5/weather?q=Paris&appid=f880252b9eb340fddd34dfb03c731b6f&units=metric HTTP/1.1" 200 468
2024-04-19 16:08:41,133 - DEBUG - Starting new HTTP connection (1): api.openweathermap.org:80
2024-04-19 16:08:41,238 - DEBUG - http://api.openweathermap.org:80 "GET /data/2.5/weather?q=London&appid=f880252b9eb340fddd34dfb03c731b6f&units=metric HTTP/1.1" 200 486
2024-04-19 16:08:57,076 - DEBUG - Starting new HTTP connection (1): api.openweathermap.org:80
2024-04-19 16:08:57,176 - DEBUG - http://api.openweathermap.org:80 "GET /data/2.5/weather?q=Delhi&appid=f880252b9eb340fddd34dfb03c731b6f&units=metric HTTP/1.1" 200 459
2024-04-19 16:12:29,792 - INFO - Checking icons for Default-theme theme. Icons color: #e60540
2024-04-19 16:12:30,263 - INFO - Checking icons for Default-theme theme. Icons color: #e60540
2024-04-19 16:12:30,685 - INFO - Checking icons for qt designer app.
2024-04-19 16:12:31,056 - INFO - all icons have been checked and missing icons generated!
2024-04-19 16:13:04,417 - INFO - Checking icons for Default-theme theme. Icons color: #e60540
2024-04-19 16:13:04,883 - INFO - Checking icons for Default-theme theme. Icons color: #e60540
2024-04-19 16:13:05,322 - INFO - Checking icons for qt designer app.
2024-04-19 16:13:05,714 - INFO - all icons have been checked and missing icons generated!
2024-04-19 16:15:19,386 - INFO - Checking icons for Default-theme theme. Icons color: #e60540
2024-04-19 16:15:19,843 - INFO - Checking icons for Default-theme theme. Icons color: #e60540
2024-04-19 16:15:20,275 - INFO - Checking icons for qt designer app.
2024-04-19 16:15:20,691 - INFO - all icons have been checked and missing icons generated!
2024-04-19 16:23:30,444 - INFO - Checking icons for Default-theme theme. Icons color: #e60540
2024-04-19 16:23:30,902 - INFO - Checking icons for Default-theme theme. Icons color: #e60540
2024-04-19 16:23:31,349 - INFO - Checking icons for qt designer app.
2024-04-19 16:23:31,691 - INFO - all icons have been checked and missing icons generated!
2024-04-19 18:13:42,090 - INFO - Checking icons for Default-theme theme. Icons color: #e60540
2024-04-19 18:13:42,494 - INFO - Checking icons for Default-theme theme. Icons color: #e60540
2024-04-19 18:13:42,723 - INFO - Checking icons for qt designer app.
2024-04-19 18:13:43,075 - INFO - all icons have been checked and missing icons generated!
2024-04-19 18:14:00,784 - DEBUG - Starting new HTTP connection (1): api.openweathermap.org:80
2024-04-19 18:14:01,133 - DEBUG - http://api.openweathermap.org:80 "GET /data/2.5/weather?q=London&appid=f880252b9eb340fddd34dfb03c731b6f&units=metric HTTP/1.1" 200 468
2024-04-19 18:14:10,262 - DEBUG - Starting new HTTP connection (1): api.openweathermap.org:80
2024-04-19 18:14:10,599 - DEBUG - http://api.openweathermap.org:80 "GET /data/2.5/weather?q=Washington&appid=f880252b9eb340fddd34dfb03c731b6f&units=metric HTTP/1.1" 200 518
2024-04-19 18:25:30,196 - INFO - Checking icons for Default-theme theme. Icons color: #e60540
2024-04-19 18:25:30,412 - INFO - Checking icons for Default-theme theme. Icons color: #e60540
2024-04-19 18:25:30,630 - INFO - Checking icons for qt designer app.
2024-04-19 18:25:30,842 - INFO - all icons have been checked and missing icons generated!
